<?xml version="1.0" encoding="UTF-8"?>
<!-- Generated by org.testng.reporters.JUnitReportReporter -->
<testsuite skipped="0" hostname="Thamil" name="mypageTest.PayrollPage_Test" tests="3" failures="0" timestamp="10 Feb 2021 05:39:20 GMT" time="22.268" errors="0">
  <testcase name="verifyPayRollPage" time="13.945" classname="mypageTest.PayrollPage_Test"/>
  <testcase name="verifyVariableDeductionPage" time="3.982" classname="mypageTest.PayrollPage_Test"/>
  <testcase name="verifyVariableEarnings" time="4.341" classname="mypageTest.PayrollPage_Test"/>
</testsuite> <!-- mypageTest.PayrollPage_Test -->
