<?xml version="1.0" encoding="UTF-8"?>
<!-- Generated by org.testng.reporters.JUnitReportReporter -->
<testsuite skipped="0" hostname="Thamil" name="mypageTest.EditemployeePage_Test" tests="1" failures="0" timestamp="27 Jan 2021 10:12:41 GMT" time="112.537" errors="0">
  <testcase name="Editingemployeedetails" time="112.537" classname="mypageTest.EditemployeePage_Test"/>
</testsuite> <!-- mypageTest.EditemployeePage_Test -->
