<?xml version="1.0" encoding="UTF-8"?>
<!-- Generated by org.testng.reporters.JUnitReportReporter -->
<testsuite skipped="0" hostname="Thamil" name="mypageTest.AdminDailyAttendPageTest" tests="2" failures="0" timestamp="25 Jan 2021 07:21:45 GMT" time="21.929" errors="0">
  <testcase name="verifyAdminLogin" time="2.484" classname="mypageTest.AdminDailyAttendPageTest"/>
  <testcase name="verifyAdminMonthlyViewFlow" time="19.445" classname="mypageTest.AdminDailyAttendPageTest"/>
</testsuite> <!-- mypageTest.AdminDailyAttendPageTest -->
