<?xml version="1.0" encoding="UTF-8"?>
<!-- Generated by org.testng.reporters.JUnitReportReporter -->
<testsuite skipped="0" hostname="Thamil" name="mypageTest.EmployeeAttendCalendarPageTest" tests="2" failures="0" timestamp="25 Jan 2021 13:05:53 GMT" time="12.960" errors="0">
  <testcase name="verifyEmployeeview" time="11.207" classname="mypageTest.EmployeeAttendCalendarPageTest"/>
  <testcase name="verifyEmployeeAttendancePage" time="1.753" classname="mypageTest.EmployeeAttendCalendarPageTest"/>
</testsuite> <!-- mypageTest.EmployeeAttendCalendarPageTest -->
