<?xml version="1.0" encoding="UTF-8"?>
<!-- Generated by org.testng.reporters.JUnitReportReporter -->
<testsuite skipped="0" hostname="Thamil" name="mypageTest.Signuppage_Test" tests="2" failures="0" timestamp="25 Jan 2021 03:41:29 GMT" time="0.434" errors="0">
  <testcase name="verifylogintitle" time="0.092" classname="mypageTest.Signuppage_Test"/>
  <testcase name="login" time="0.342" classname="mypageTest.Signuppage_Test"/>
</testsuite> <!-- mypageTest.Signuppage_Test -->
