<?xml version="1.0" encoding="UTF-8"?>
<!-- Generated by org.testng.reporters.JUnitReportReporter -->
<testsuite skipped="0" hostname="Thamil" name="mypageTest.ViewEmployeeTest" tests="1" failures="0" timestamp="24 Jan 2021 12:30:54 GMT" time="27.179" errors="0">
  <testcase name="viewemployeedetails" time="27.179" classname="mypageTest.ViewEmployeeTest"/>
</testsuite> <!-- mypageTest.ViewEmployeeTest -->
