<?xml version="1.0" encoding="UTF-8"?>
<!-- Generated by org.testng.reporters.JUnitReportReporter -->
<testsuite skipped="0" hostname="Thamil" name="mypageTest.LogoutPage_Test" tests="1" failures="0" timestamp="27 Jan 2021 09:42:42 GMT" time="10.548" errors="0">
  <testcase name="logout" time="10.548" classname="mypageTest.LogoutPage_Test"/>
</testsuite> <!-- mypageTest.LogoutPage_Test -->
