<?xml version="1.0" encoding="UTF-8"?>
<!-- Generated by org.testng.reporters.JUnitReportReporter -->
<testsuite skipped="0" hostname="Thamil" name="mypageTest.Viewemployee_Test" tests="1" failures="0" timestamp="27 Jan 2021 10:29:55 GMT" time="29.053" errors="0">
  <testcase name="viewemployeedetails" time="29.053" classname="mypageTest.Viewemployee_Test"/>
</testsuite> <!-- mypageTest.Viewemployee_Test -->
