<?xml version="1.0" encoding="UTF-8"?>
<!-- Generated by org.testng.reporters.JUnitReportReporter -->
<testsuite skipped="0" hostname="Thamil" name="mypageTest.RunPayRollPage_Test" tests="10" failures="0" timestamp="10 Feb 2021 05:39:20 GMT" time="245.257" errors="0">
  <testcase name="verifyRunpayrollPageView" time="2.120" classname="mypageTest.RunPayRollPage_Test"/>
  <testcase name="verifyConfirmNewJoinee" time="43.865" classname="mypageTest.RunPayRollPage_Test"/>
  <testcase name="verifyConfirmExits" time="50.062" classname="mypageTest.RunPayRollPage_Test"/>
  <testcase name="verifyConfirmVariableDeduction" time="16.094" classname="mypageTest.RunPayRollPage_Test"/>
  <testcase name="verifyConfirmVariableEarnings" time="8.550" classname="mypageTest.RunPayRollPage_Test"/>
  <testcase name="verifyConfirmAttendanceAndLeaves" time="18.134" classname="mypageTest.RunPayRollPage_Test"/>
  <testcase name="verifyConfirmSalaryAdjustment" time="34.604" classname="mypageTest.RunPayRollPage_Test"/>
  <testcase name="verifyProcessPayrollScreen" time="24.957" classname="mypageTest.RunPayRollPage_Test"/>
  <testcase name="verifyReviewOutput" time="40.750" classname="mypageTest.RunPayRollPage_Test"/>
  <testcase name="verifyClosePayrollandGeneratePayslip" time="6.121" classname="mypageTest.RunPayRollPage_Test"/>
</testsuite> <!-- mypageTest.RunPayRollPage_Test -->
