<?xml version="1.0" encoding="UTF-8"?>
<!-- Generated by org.testng.reporters.JUnitReportReporter -->
<testsuite skipped="0" hostname="Thamil" name="mypageTest.DashboardPageTest" tests="4" failures="0" timestamp="27 Jan 2021 11:04:06 GMT" time="23.450" errors="0">
  <testcase name="verifyProfilePage" time="14.649" classname="mypageTest.DashboardPageTest"/>
  <testcase name="verifyApplyLeaveScenario" time="4.588" classname="mypageTest.DashboardPageTest"/>
  <testcase name="verifyEmpCanCheckin" time="1.747" classname="mypageTest.DashboardPageTest"/>
  <testcase name="verifyEmpCanCheckout" time="2.466" classname="mypageTest.DashboardPageTest"/>
</testsuite> <!-- mypageTest.DashboardPageTest -->
