<?xml version="1.0" encoding="UTF-8"?>
<!-- Generated by org.testng.reporters.JUnitReportReporter -->
<testsuite skipped="0" hostname="Thamil" name="mypageTest.AdminviewPage_Test" tests="2" failures="0" timestamp="27 Jan 2021 09:55:03 GMT" time="79.480" errors="0">
  <testcase name="verifyAdminCreation" time="55.548" classname="mypageTest.AdminviewPage_Test"/>
  <testcase name="verifyAdminView" time="23.932" classname="mypageTest.AdminviewPage_Test"/>
</testsuite> <!-- mypageTest.AdminviewPage_Test -->
