<?xml version="1.0" encoding="UTF-8"?>
<!-- Generated by org.testng.reporters.JUnitReportReporter -->
<testsuite skipped="0" hostname="Thamil" name="mypageTest.AdminDailyAttendPageTest" tests="3" failures="0" timestamp="27 Jan 2021 11:14:54 GMT" time="25.813" errors="0">
  <testcase name="verifyAdminLogin" time="2.079" classname="mypageTest.AdminDailyAttendPageTest"/>
  <testcase name="verifyAdminMonthlyViewFlow" time="20.985" classname="mypageTest.AdminDailyAttendPageTest"/>
  <testcase name="verifyAdminLeaveApproval" time="2.749" classname="mypageTest.AdminDailyAttendPageTest"/>
</testsuite> <!-- mypageTest.AdminDailyAttendPageTest -->
