<?xml version="1.0" encoding="UTF-8"?>
<!-- Generated by org.testng.reporters.JUnitReportReporter -->
<testsuite skipped="0" hostname="Thamil" name="mypageTest.LoginPage_Test" tests="4" failures="0" timestamp="27 Jan 2021 09:42:42 GMT" time="7.674" errors="0">
  <testcase name="verifyWithInvalidMobileNum" time="0.538" classname="mypageTest.LoginPage_Test"/>
  <testcase name="verifyWithValidMobileNum" time="1.429" classname="mypageTest.LoginPage_Test"/>
  <testcase name="verifyWithInvalidPassword" time="1.014" classname="mypageTest.LoginPage_Test"/>
  <testcase name="verifyWithValidCredentials" time="4.693" classname="mypageTest.LoginPage_Test"/>
</testsuite> <!-- mypageTest.LoginPage_Test -->
