<?xml version="1.0" encoding="UTF-8"?>
<!-- Generated by org.testng.reporters.JUnitReportReporter -->
<testsuite skipped="0" hostname="Thamil" name="mypageTest.Payrollsetup_Test" tests="2" failures="0" timestamp="10 Feb 2021 05:39:20 GMT" time="35.294" errors="0">
  <testcase name="verifyPayrollCalendarpage" time="25.999" classname="mypageTest.Payrollsetup_Test"/>
  <testcase name="verifyPayrollTemplatepage" time="9.295" classname="mypageTest.Payrollsetup_Test"/>
</testsuite> <!-- mypageTest.Payrollsetup_Test -->
