<?xml version="1.0" encoding="UTF-8"?>
<!-- Generated by org.testng.reporters.JUnitReportReporter -->
<testsuite skipped="0" hostname="Thamil" name="mypageTest.Signuppage_Test" tests="2" failures="0" timestamp="27 Jan 2021 09:42:42 GMT" time="0.405" errors="0">
  <testcase name="verifylogintitle" time="0.088" classname="mypageTest.Signuppage_Test"/>
  <testcase name="login" time="0.317" classname="mypageTest.Signuppage_Test"/>
</testsuite> <!-- mypageTest.Signuppage_Test -->
