<?xml version="1.0" encoding="UTF-8"?>
<!-- Generated by org.testng.reporters.JUnitReportReporter -->
<testsuite skipped="0" hostname="Thamil" name="mypageTest.login_Test" tests="1" failures="0" timestamp="24 Jan 2021 08:56:20 GMT" time="3.050" errors="0">
  <testcase name="Loginasadmin" time="3.050" classname="mypageTest.login_Test"/>
</testsuite> <!-- mypageTest.login_Test -->
