<?xml version="1.0" encoding="UTF-8"?>
<!-- Generated by org.testng.reporters.JUnitReportReporter -->
<testsuite skipped="0" hostname="Thamil" name="mypageTest.EmpAttendCalendTest" tests="4" failures="0" timestamp="18 Jan 2021 11:53:46 GMT" time="14.383" errors="0">
  <testcase name="pagelogin" time="1.625" classname="mypageTest.EmpAttendCalendTest"/>
  <testcase name="dashPageView" time="4.060" classname="mypageTest.EmpAttendCalendTest"/>
  <testcase name="empAttendandLeaveCelander" time="0.645" classname="mypageTest.EmpAttendCalendTest"/>
  <testcase name="adminLeaveApproval" time="8.053" classname="mypageTest.EmpAttendCalendTest"/>
</testsuite> <!-- mypageTest.EmpAttendCalendTest -->
