<?xml version="1.0" encoding="UTF-8"?>
<!-- Generated by org.testng.reporters.JUnitReportReporter -->
<testsuite skipped="0" hostname="Thamil" name="mypageTest.AdminDailyAttendPageTest" tests="3" failures="0" timestamp="22 Jan 2021 05:09:17 GMT" time="191.799" errors="0">
  <testcase name="verifyAdminLogin" time="1.672" classname="mypageTest.AdminDailyAttendPageTest"/>
  <testcase name="verifyAdminDailyViewFlow" time="5.515" classname="mypageTest.AdminDailyAttendPageTest"/>
  <testcase name="verifyAdminMonthlyViewFlow" time="184.612" classname="mypageTest.AdminDailyAttendPageTest"/>
</testsuite> <!-- mypageTest.AdminDailyAttendPageTest -->
