<?xml version="1.0" encoding="UTF-8"?>
<!-- Generated by org.testng.reporters.JUnitReportReporter -->
<testsuite skipped="0" hostname="Thamil" name="mypageTest.Addemployee_Test" tests="1" failures="0" timestamp="27 Jan 2021 10:05:30 GMT" time="76.076" errors="0">
  <testcase name="Addingemployee" time="76.076" classname="mypageTest.Addemployee_Test"/>
</testsuite> <!-- mypageTest.Addemployee_Test -->
