<?xml version="1.0" encoding="UTF-8"?>
<!-- Generated by org.testng.reporters.JUnitReportReporter -->
<testsuite skipped="0" hostname="Thamil" name="mypageTest.PayrollPage_Test" tests="2" failures="0" timestamp="01 Feb 2021 13:10:27 GMT" time="46.509" errors="0">
  <testcase name="verifyPayRollPage" time="24.119" classname="mypageTest.PayrollPage_Test"/>
  <testcase name="verifyVariableEarnings" time="22.390" classname="mypageTest.PayrollPage_Test"/>
</testsuite> <!-- mypageTest.PayrollPage_Test -->
