<?xml version="1.0" encoding="UTF-8"?>
<!-- Generated by org.testng.reporters.JUnitReportReporter -->
<testsuite skipped="0" hostname="Thamil" name="mypageTest.EditEmployeePageTest" tests="1" failures="0" timestamp="24 Jan 2021 09:30:37 GMT" time="106.235" errors="0">
  <testcase name="Editingemployeedetails" time="106.235" classname="mypageTest.EditEmployeePageTest"/>
</testsuite> <!-- mypageTest.EditEmployeePageTest -->
