<?xml version="1.0" encoding="UTF-8"?>
<!-- Generated by org.testng.reporters.JUnitReportReporter -->
<testsuite skipped="0" hostname="Thamil" name="mypageTest.LogoutPageTest" tests="1" failures="0" timestamp="24 Jan 2021 08:54:20 GMT" time="11.519" errors="0">
  <testcase name="logout" time="11.519" classname="mypageTest.LogoutPageTest"/>
</testsuite> <!-- mypageTest.LogoutPageTest -->
