<?xml version="1.0" encoding="UTF-8"?>
<!-- Generated by org.testng.reporters.JUnitReportReporter -->
<testsuite skipped="0" hostname="Thamil" name="mypageTest.EmployeeAttendCalendarPageTest" tests="2" failures="0" timestamp="27 Jan 2021 11:14:54 GMT" time="14.708" errors="0">
  <testcase name="verifyEmployeeview" time="13.367" classname="mypageTest.EmployeeAttendCalendarPageTest"/>
  <testcase name="verifyEmployeeAttendancePage" time="1.341" classname="mypageTest.EmployeeAttendCalendarPageTest"/>
</testsuite> <!-- mypageTest.EmployeeAttendCalendarPageTest -->
