<?xml version="1.0" encoding="UTF-8"?>
<!-- Generated by org.testng.reporters.JUnitReportReporter -->
<testsuite skipped="0" hostname="Thamil" name="mypageTest.EmployeeAttendCalendarPageTest" tests="2" failures="0" timestamp="21 Jan 2021 13:44:42 GMT" time="12.424" errors="0">
  <testcase name="verifyEmployeeview" time="11.139" classname="mypageTest.EmployeeAttendCalendarPageTest"/>
  <testcase name="verifyEmployeeAttendancePage" time="1.285" classname="mypageTest.EmployeeAttendCalendarPageTest"/>
</testsuite> <!-- mypageTest.EmployeeAttendCalendarPageTest -->
