<?xml version="1.0" encoding="UTF-8"?>
<!-- Generated by org.testng.reporters.JUnitReportReporter -->
<testsuite skipped="0" hostname="Thamil" name="mypageTest.logintest" tests="1" failures="0" timestamp="23 Jan 2021 07:10:20 GMT" time="3.289" errors="0">
  <testcase name="Loginasadmin" time="3.289" classname="mypageTest.logintest"/>
</testsuite> <!-- mypageTest.logintest -->
