<?xml version="1.0" encoding="UTF-8"?>
<!-- Generated by org.testng.reporters.JUnitReportReporter -->
<testsuite skipped="0" hostname="Thamil" name="mypageTest.PasswordPage_Test" tests="2" failures="0" timestamp="25 Jan 2021 12:11:41 GMT" time="72.820" errors="0">
  <testcase name="Passwordupdate" time="50.581" classname="mypageTest.PasswordPage_Test"/>
  <testcase name="verifyAdminView" time="22.239" classname="mypageTest.PasswordPage_Test"/>
</testsuite> <!-- mypageTest.PasswordPage_Test -->
