<?xml version="1.0" encoding="UTF-8"?>
<!-- Generated by org.testng.reporters.JUnitReportReporter -->
<testsuite skipped="0" hostname="Thamil" name="mypageTest.AdminDailyAttendPageTest" tests="2" failures="0" timestamp="10 Feb 2021 06:33:17 GMT" time="10.595" errors="0">
  <testcase name="verifyAdminLogin" time="2.373" classname="mypageTest.AdminDailyAttendPageTest"/>
  <testcase name="verifyAdminDailyViewFlow" time="8.222" classname="mypageTest.AdminDailyAttendPageTest"/>
</testsuite> <!-- mypageTest.AdminDailyAttendPageTest -->
