<?xml version="1.0" encoding="UTF-8"?>
<!-- Generated by org.testng.reporters.JUnitReportReporter -->
<testsuite skipped="0" hostname="Thamil" name="mypageTest.EmpLeaveCalendarPageTest" tests="2" failures="0" timestamp="27 Jan 2021 11:14:54 GMT" time="21.131" errors="0">
  <testcase name="verifyEmployeeview" time="6.626" classname="mypageTest.EmpLeaveCalendarPageTest"/>
  <testcase name="verifyLeaveBalanceDetails" time="14.505" classname="mypageTest.EmpLeaveCalendarPageTest"/>
</testsuite> <!-- mypageTest.EmpLeaveCalendarPageTest -->
