<?xml version="1.0" encoding="UTF-8"?>
<!-- Generated by org.testng.reporters.JUnitReportReporter -->
<testsuite skipped="0" hostname="Thamil" name="mypageTest.LoginPageTest" tests="4" failures="0" timestamp="21 Jan 2021 13:44:42 GMT" time="12.790" errors="0">
  <testcase name="verifyWithInvalidMobileNum" time="0.917" classname="mypageTest.LoginPageTest"/>
  <testcase name="verifyWithValidMobileNum" time="2.159" classname="mypageTest.LoginPageTest"/>
  <testcase name="verifyWithInvalidPassword" time="1.626" classname="mypageTest.LoginPageTest"/>
  <testcase name="verifyWithValidCredentials" time="8.088" classname="mypageTest.LoginPageTest"/>
</testsuite> <!-- mypageTest.LoginPageTest -->
